<?xml version="1.0" encoding="UTF-8"?>
<!-- Generated by org.testng.reporters.JUnitReportReporter -->
<testsuite hostname="DESKTOP-EER3MNQ" failures="0" tests="3" name="com.pedidosya.runner.testRunner" time="26.546" errors="0" timestamp="09 Apr 2021 11:44:47 GMT" skipped="0">
  <testcase classname="com.pedidosya.runner.testRunner" name="runScenario" time="1.767"/>
  <testcase classname="com.pedidosya.runner.testRunner" name="runScenario" time="9.899"/>
  <testcase classname="com.pedidosya.runner.testRunner" name="runScenario" time="14.880"/>
</testsuite> <!-- com.pedidosya.runner.testRunner -->
