<?xml version="1.0" encoding="UTF-8"?>
<!-- Generated by org.testng.reporters.JUnitReportReporter -->
<testsuite hostname="DESKTOP-EER3MNQ" failures="0" tests="3" name="com.pedidosya.runner.testRunner" time="26.405" errors="0" timestamp="07 Apr 2021 10:03:36 GMT" skipped="0">
  <testcase classname="com.pedidosya.runner.testRunner" name="runScenario" time="1.772"/>
  <testcase classname="com.pedidosya.runner.testRunner" name="runScenario" time="9.896"/>
  <testcase classname="com.pedidosya.runner.testRunner" name="runScenario" time="14.737"/>
</testsuite> <!-- com.pedidosya.runner.testRunner -->
