<?xml version="1.0" encoding="UTF-8"?>
<!-- Generated by org.testng.reporters.JUnitReportReporter -->
<testsuite hostname="DESKTOP-EER3MNQ" failures="0" tests="3" name="com.pedidosya.runner.testRunner" time="41.855" errors="0" timestamp="18 Apr 2021 13:59:58 GMT" skipped="0">
  <testcase classname="com.pedidosya.runner.testRunner" name="runScenario" time="16.735"/>
  <testcase classname="com.pedidosya.runner.testRunner" name="runScenario" time="10.044"/>
  <testcase classname="com.pedidosya.runner.testRunner" name="runScenario" time="15.076"/>
</testsuite> <!-- com.pedidosya.runner.testRunner -->
