<?xml version="1.0" encoding="UTF-8"?>
<!-- Generated by org.testng.reporters.JUnitReportReporter -->
<testsuite hostname="DESKTOP-EER3MNQ" failures="0" tests="3" name="com.pedidosya.runner.testRunner" time="45.186" errors="0" timestamp="11 Apr 2021 23:29:23 GMT" skipped="0">
  <testcase classname="com.pedidosya.runner.testRunner" name="runScenario" time="9.560"/>
  <testcase classname="com.pedidosya.runner.testRunner" name="runScenario" time="20.570"/>
  <testcase classname="com.pedidosya.runner.testRunner" name="runScenario" time="15.056"/>
</testsuite> <!-- com.pedidosya.runner.testRunner -->
